14:20:03 **** Incremental Build of configuration Debug for project eeg ****
make all 
'Building file: ../APP/test_peakfinder.c'
'Invoking: ARM C Compiler 5'
armcc --cpu=Cortex-A9 --no_unaligned_access -Dsoc_cv_av -I"C:\Users\somoza\Projects\BCI\software\eeg\APP" -I"C:\Users\somoza\Projects\BCI\software\eeg\BSP" -I"C:\Users\somoza\Projects\BCI\software\eeg\BSP\OS" -I"C:\intelFPGA\17.0\embedded\ip\altera\hps\altera_hps\hwlib\include" -I"C:\intelFPGA\17.0\embedded\ip\altera\hps\altera_hps\hwlib\include\soc_cv_av" -I"C:\intelFPGA\17.0\embedded\ip\altera\hps\altera_hps\hwlib\include\soc_cv_av\socal" -I"C:\Users\somoza\Projects\BCI\software\eeg\HWLIBS" -I"C:\Users\somoza\Projects\BCI\software\eeg\uC-CPU\ARM-Cortex-A" -I"C:\Users\somoza\Projects\BCI\software\eeg\uC-CPU" -I"C:\Users\somoza\Projects\BCI\software\eeg\uC-LIBS" -I"C:\Users\somoza\Projects\BCI\software\eeg\uCOS-II\Ports" -I"C:\Users\somoza\Projects\BCI\software\eeg\uCOS-II\Source" --c99 --gnu -O0 -g --md --depend_format=unix_escaped --no_depend_system_headers --depend_dir="APP" -c -o "APP/test_peakfinder.o" "../APP/test_peakfinder.c"
"../APP/test_peakfinder.c", line 16: Warning:  #223-D: function "printTests" declared implicitly
      printTests(List1, list_size);
      ^
"../APP/test_peakfinder.c", line 51: Warning:  #159-D: declaration is incompatible with previous "printTests" (declared at line 16)
  void printTests(int * List, int list_size){
       ^
../APP/test_peakfinder.c: 2 warnings, 0 errors
'Finished building: ../APP/test_peakfinder.c'
' '
'Building target: eeg.axf'
'Invoking: ARM Linker 5'
armlink --cpu=Cortex-A9 --entry=Start --scatter=""C:/Users/somoza/Projects/BCI/software/eeg/BSP/ARM_COMPILER/scatter.scat"" --info=sizes -o "eeg.axf"  ./uCOS-II/Source/os_core.o ./uCOS-II/Source/os_dbg_r.o ./uCOS-II/Source/os_flag.o ./uCOS-II/Source/os_mbox.o ./uCOS-II/Source/os_mem.o ./uCOS-II/Source/os_mutex.o ./uCOS-II/Source/os_q.o ./uCOS-II/Source/os_sem.o ./uCOS-II/Source/os_task.o ./uCOS-II/Source/os_time.o ./uCOS-II/Source/os_tmr.o  ./uCOS-II/Ports/os_cpu_a_vfp-d32.o ./uCOS-II/Ports/os_cpu_c.o  ./uC-LIBS/lib_ascii.o ./uC-LIBS/lib_math.o ./uC-LIBS/lib_mem.o ./uC-LIBS/lib_str.o  ./uC-CPU/Cache/cpu_cache_armv7_generic_l1_l2c310_l2.o ./uC-CPU/Cache/cpu_cache_armv7_generic_l1_l2c310_l2_a.o  ./uC-CPU/ARM-Cortex-A/cpu_a.o  ./uC-CPU/cpu_core.o  ./HWLIBS/alt_16550_uart.o ./HWLIBS/alt_bridge_manager.o ./HWLIBS/alt_clock_manager.o ./HWLIBS/alt_fpga_manager.o ./HWLIBS/lcd.o  ./BSP/OS/bsp_os.o  ./BSP/ARM_Compiler/armv7a_tthelp.o ./BSP/ARM_Compiler/bsp_cache.o ./BSP/ARM_Compiler/startup.o  ./BSP/bsp.o ./BSP/bsp_int.o ./BSP/cpu_bsp.o  ./APP/app.o ./APP/circular_buffer.o ./APP/peakfinder.o ./APP/test_peakfinder.o   

==============================================================================

Image component sizes


      Code (inc. data)   RO Data    RW Data    ZI Data      Debug   Object Name

         0          0          0          0          0       5700   alt_16550_uart.o
       404          4          0          0          0      79344   alt_bridge_manager.o
     31208        864          0        224          0      36354   alt_clock_manager.o
      3624        832        207          0          0      16410   alt_fpga_manager.o
       712         92          0         12      32768      10554   app.o
        96          0          0          0          0        548   armv7a_tthelp.o
       136         16          0          0          0       1629   bsp.o
       436          0          0          0          0        884   bsp_cache.o
       832         32          0          0       1024       5655   bsp_int.o
       280         12          0          0          0       2882   bsp_os.o
      1144        136          0          0          0       4162   circular_buffer.o
        96          0          0          0          0        768   cpu_a.o
       220          4          0          0          0       1312   cpu_bsp.o
        44         12          0          8          0        894   cpu_cache_armv7_generic_l1_l2c310_l2.o
       204          0          0          0          0        656   cpu_cache_armv7_generic_l1_l2c310_l2_a.o
       888         20        260          4          0       6760   cpu_core.o
      1440        276          0          9          0       2541   lcd.o
         0          0          0          0          0      13344   lib_ascii.o
         0          0          0          0          0       1396   lib_math.o
      5136         76          0          4   16777236      27369   lib_mem.o
      5828        160        256         80      10920      24335   os_core.o
       988          0          0          0          0        536   os_cpu_a_vfp-d32.o
       608         36          0         12       4096      14601   os_cpu_c.o
       376        184        118          0          0      11981   os_dbg_r.o
      3768         36          0          0          0       7676   os_flag.o
      1096         16          0          0          0       3704   os_mem.o
      2916         28          0          0          0       6185   os_q.o
      1832         20          0          0          0       4450   os_sem.o
      3992         48          0          0          0       8980   os_task.o
       796         28          0          0          0       1958   os_time.o
      1664          8          0          0          0       4831   peakfinder.o
       496         76          0          0          0        764   startup.o

    ----------------------------------------------------------------------
     71268       3024        892        356   50425532     309163   Object Totals
         0          0         48          0   33599488          0   (incl. Generated)
         8          8          3          3          0          0   (incl. Padding)

    ----------------------------------------------------------------------

      Code (inc. data)   RO Data    RW Data    ZI Data      Debug   Library Member Name

        90          0          0          0          0          0   __dczerorl2.o
         8          0          0          0          0         68   __main.o
       104          0          0          0          0         84   __printf.o
         0          0          0          0          0          0   __rtentry.o
        12          0          0          0          0          0   __rtentry2.o
         8          4          0          0          0          0   __rtentry6.o
        52          8          0          0          0          0   __scatter.o
        26          0          0          0          0          0   __scatter_copy.o
        28          0          0          0          0          0   __scatter_zi.o
        48          6          0          0          0         96   _printf_char_common.o
        36          4          0          0          0         80   _printf_char_file.o
       112         16          0          0          0         92   _printf_dec.o
         6          0          0          0          0          0   _printf_i.o
       178          0          0          0          0         88   _printf_intcommon.o
         0          0          0          0          0          0   _printf_percent.o
         4          0          0          0          0          0   _printf_percent_end.o
        10          0          0          0          0         68   _sputc.o
        22          0          0          0          0         80   abort.o
       416          0          0          0          0        144   aeabi_sdiv.o
       128         42          0          0          0         76   assert.o
        24          6          0          0          0         80   assert_stdio.o
        48         34          0          0          0         76   defsig_abrt_inner.o
        14          0          0          0          0         80   defsig_abrt_outer.o
        10          0          0          0          0         68   defsig_exit.o
        50          0          0          0          0         88   defsig_general.o
        80         58          0          0          0         76   defsig_rtmem_inner.o
        14          0          0          0          0         80   defsig_rtmem_outer.o
        52         38          0          0          0         76   defsig_rtred_inner.o
        14          0          0          0          0         80   defsig_rtred_outer.o
        18          0          0          0          0         80   exit.o
        76          0          0          0          0         88   fclose.o
         8          0          0          0          0         68   ferror.o
       100          4          0          0          0        120   fflush.o
       470          0          0          0          0         88   flsbuf.o
       236          4          0          0          0        128   fopen.o
        26          0          0          0          0         68   fputc.o
        34          0          0          0          0         80   fputs.o
       248          6          0          0          0         84   fseek.o
        66          0          0          0          0         76   ftell.o
        94          0          0          0          0         80   h1_alloc.o
        48          0          0          0          0         68   h1_extend.o
        78          0          0          0          0         80   h1_free.o
        14          0          0          0          0         84   h1_init.o
        80          6          0          4          0         96   heapauxa.o
         4          0          0          0          0        136   hguard.o
         0          0          0          0          0          0   indicate_semi.o
       136          0          0          0          0        168   init_alloc.o
       312         46          0          0          0        112   initio.o
         2          0          0          0          0          0   libinit.o
        10          0          0          0          0          0   libinit2.o
        16          8          0          0          0          0   libinit4.o
         2          0          0          0          0          0   libshutdown.o
         6          0          0          0          0          0   libshutdown2.o
         0          0          0          0         96          0   libspace.o
       816         64          0          0          0         84   lludiv5.o
         0          0          0          0          0          0   maybetermalloc1.o
        24          4          0          0          0         84   noretval__2printf.o
        40          6          0          0          0         84   noretval__2sprintf.o
         8          4          0          0          0         68   rt_errno_addr_intlibspace.o
         8          4          0          0          0         68   rt_heap_descriptor_intlibspace.o
        80          0          0          0          0        172   rt_neon_memclr_w.o
         2          0          0          0          0          0   rtexit.o
        10          0          0          0          0          0   rtexit2.o
        44          0          0          0          0         68   rtudiv10.o
        70          0          0          0          0         80   setvbuf.o
       240          6          0          0          0        156   stdio.o
         0          0          0         12        252          0   stdio_streams.o
        58          0          0          0          0         68   strlen.o
        12          4          0          0          0         68   sys_exit.o
       102          0         12          0          0        240   sys_io.o
        14          0          0          0          0         76   sys_wrch.o
         2          0          0          0          0         68   use_no_semi.o
        10          0          0          0          0        116   fpinit.o
         0          0          0          0          0          0   usenofp.o
       240         26          0          0          0        132   ceil.o

    ----------------------------------------------------------------------
      5480        408         12         16        348       4916   Library Totals
        22          0          0          0          0          0   (incl. Padding)

    ----------------------------------------------------------------------

      Code (inc. data)   RO Data    RW Data    ZI Data      Debug   Library Name

      5208        382         12         16        348       4668   c_2.l
        10          0          0          0          0        116   fz_2v.l
       240         26          0          0          0        132   m_2v.l

    ----------------------------------------------------------------------
      5480        408         12         16        348       4916   Library Totals

    ----------------------------------------------------------------------

==============================================================================


      Code (inc. data)   RO Data    RW Data    ZI Data      Debug   

     76748       3432        904        372   50425880     305967   Grand Totals
     76748       3432        904        108   50425880     305967   ELF Image Totals (compressed)
     76748       3432        904        108          0          0   ROM Totals

==============================================================================

    Total RO  Size (Code + RO Data)                77652 (  75.83kB)
    Total RW  Size (RW Data + ZI Data)          50426252 (49244.39kB)
    Total ROM Size (Code + RO Data + RW Data)      77760 (  75.94kB)

==============================================================================

'Finished building target: eeg.axf'
' '

14:20:04 Build Finished (took 623ms)

