Info: Starting: Create block symbol file (.bsf)
Info: qsys-generate C:\Users\somoza\Projects\BCI\soc_system.qsys --block-symbol-file --output-directory=C:\Users\somoza\Projects\BCI\soc_system --family="Cyclone V" --part=5CSEBA6U23I7
Progress: Loading BCI/soc_system.qsys
Progress: Reading input file
Progress: Adding adc_0 [altera_up_avalon_adc 17.0]
Progress: Parameterizing module adc_0
Progress: Adding character_lcd_0 [altera_up_avalon_character_lcd 17.0]
Progress: Parameterizing module character_lcd_0
Progress: Adding clk_0 [clock_source 17.0]
Progress: Parameterizing module clk_0
Progress: Adding ext_leds [altera_avalon_pio 17.0]
Progress: Parameterizing module ext_leds
Progress: Adding green_leds [altera_avalon_pio 17.0]
Progress: Parameterizing module green_leds
Progress: Adding hps_0 [altera_hps 17.0]
Progress: Parameterizing module hps_0
Progress: Adding switches [altera_avalon_pio 17.0]
Progress: Parameterizing module switches
Progress: Adding sysid_qsys [altera_avalon_sysid_qsys 17.0]
Progress: Parameterizing module sysid_qsys
Progress: Building connections
Progress: Parameterizing connections
Progress: Validating
Progress: Done reading input file
Info: soc_system.hps_0: HPS Main PLL counter settings: n = 0  m = 63
Info: soc_system.hps_0: HPS peripherial PLL counter settings: n = 0  m = 39
Info: soc_system.sysid_qsys: System ID is not assigned automatically. Edit the System ID parameter to provide a unique ID
Info: soc_system.sysid_qsys: Time stamp will be automatically updated when this component is generated.
Info: qsys-generate succeeded.
Info: Finished: Create block symbol file (.bsf)
Info: 
Info: Starting: Create HDL design files for synthesis
Info: qsys-generate C:\Users\somoza\Projects\BCI\soc_system.qsys --synthesis=VERILOG --output-directory=C:\Users\somoza\Projects\BCI\soc_system\synthesis --family="Cyclone V" --part=5CSEBA6U23I7
Progress: Loading BCI/soc_system.qsys
Progress: Reading input file
Progress: Adding adc_0 [altera_up_avalon_adc 17.0]
Progress: Parameterizing module adc_0
Progress: Adding character_lcd_0 [altera_up_avalon_character_lcd 17.0]
Progress: Parameterizing module character_lcd_0
Progress: Adding clk_0 [clock_source 17.0]
Progress: Parameterizing module clk_0
Progress: Adding ext_leds [altera_avalon_pio 17.0]
Progress: Parameterizing module ext_leds
Progress: Adding green_leds [altera_avalon_pio 17.0]
Progress: Parameterizing module green_leds
Progress: Adding hps_0 [altera_hps 17.0]
Progress: Parameterizing module hps_0
Progress: Adding switches [altera_avalon_pio 17.0]
Progress: Parameterizing module switches
Progress: Adding sysid_qsys [altera_avalon_sysid_qsys 17.0]
Progress: Parameterizing module sysid_qsys
Progress: Building connections
Progress: Parameterizing connections
Progress: Validating
Progress: Done reading input file
Info: soc_system.hps_0: HPS Main PLL counter settings: n = 0  m = 63
Info: soc_system.hps_0: HPS peripherial PLL counter settings: n = 0  m = 39
Info: soc_system.sysid_qsys: System ID is not assigned automatically. Edit the System ID parameter to provide a unique ID
Info: soc_system.sysid_qsys: Time stamp will be automatically updated when this component is generated.
Info: soc_system: Generating soc_system "soc_system" for QUARTUS_SYNTH
Warning: hps_0.f2h_irq0: Cannot connect clock for irq_mapper.sender
Warning: hps_0.f2h_irq0: Cannot connect reset for irq_mapper.sender
Warning: hps_0.f2h_irq1: Cannot connect clock for irq_mapper_001.sender
Warning: hps_0.f2h_irq1: Cannot connect reset for irq_mapper_001.sender
Info: adc_0: Starting Generation of ADC Controller for DE-series Board
Info: adc_0: C:/intelfpga/17.0/ip/altera/university_program/input_output/altera_up_avalon_adc/hdl/altera_up_avalon_adv_adc.v C:/Users/somoza/AppData/Local/Temp/alt7994_2411941421650165185.dir/0002_sopcgen/soc_system_adc_0.v
Info: adc_0: "soc_system" instantiated altera_up_avalon_adc "adc_0"
Info: character_lcd_0: Starting Generation of Character LCD
Info: character_lcd_0: "soc_system" instantiated altera_up_avalon_character_lcd "character_lcd_0"
Info: ext_leds: Starting RTL generation for module 'soc_system_ext_leds'
Info: ext_leds:   Generation command is [exec C:/intelfpga/17.0/quartus/bin64/perl/bin/perl.exe -I C:/intelfpga/17.0/quartus/bin64/perl/lib -I C:/intelfpga/17.0/quartus/sopc_builder/bin/europa -I C:/intelfpga/17.0/quartus/sopc_builder/bin/perl_lib -I C:/intelfpga/17.0/quartus/sopc_builder/bin -I C:/intelfpga/17.0/quartus/../ip/altera/sopc_builder_ip/common -I C:/intelfpga/17.0/quartus/../ip/altera/sopc_builder_ip/altera_avalon_pio -- C:/intelfpga/17.0/quartus/../ip/altera/sopc_builder_ip/altera_avalon_pio/generate_rtl.pl --name=soc_system_ext_leds --dir=C:/Users/somoza/AppData/Local/Temp/alt7994_2411941421650165185.dir/0006_ext_leds_gen/ --quartus_dir=C:/intelfpga/17.0/quartus --verilog --config=C:/Users/somoza/AppData/Local/Temp/alt7994_2411941421650165185.dir/0006_ext_leds_gen//soc_system_ext_leds_component_configuration.pl  --do_build_sim=0  ]
Info: ext_leds: Done RTL generation for module 'soc_system_ext_leds'
Info: ext_leds: "soc_system" instantiated altera_avalon_pio "ext_leds"
Info: green_leds: Starting RTL generation for module 'soc_system_green_leds'
Info: green_leds:   Generation command is [exec C:/intelfpga/17.0/quartus/bin64/perl/bin/perl.exe -I C:/intelfpga/17.0/quartus/bin64/perl/lib -I C:/intelfpga/17.0/quartus/sopc_builder/bin/europa -I C:/intelfpga/17.0/quartus/sopc_builder/bin/perl_lib -I C:/intelfpga/17.0/quartus/sopc_builder/bin -I C:/intelfpga/17.0/quartus/../ip/altera/sopc_builder_ip/common -I C:/intelfpga/17.0/quartus/../ip/altera/sopc_builder_ip/altera_avalon_pio -- C:/intelfpga/17.0/quartus/../ip/altera/sopc_builder_ip/altera_avalon_pio/generate_rtl.pl --name=soc_system_green_leds --dir=C:/Users/somoza/AppData/Local/Temp/alt7994_2411941421650165185.dir/0007_green_leds_gen/ --quartus_dir=C:/intelfpga/17.0/quartus --verilog --config=C:/Users/somoza/AppData/Local/Temp/alt7994_2411941421650165185.dir/0007_green_leds_gen//soc_system_green_leds_component_configuration.pl  --do_build_sim=0  ]
Info: green_leds: Done RTL generation for module 'soc_system_green_leds'
Info: green_leds: "soc_system" instantiated altera_avalon_pio "green_leds"
Info: hps_0: "Running  for module: hps_0"
Info: hps_0: HPS Main PLL counter settings: n = 0  m = 63
Info: hps_0: HPS peripherial PLL counter settings: n = 0  m = 39
Info: hps_0: "soc_system" instantiated altera_hps "hps_0"
Info: switches: Starting RTL generation for module 'soc_system_switches'
Info: switches:   Generation command is [exec C:/intelfpga/17.0/quartus/bin64/perl/bin/perl.exe -I C:/intelfpga/17.0/quartus/bin64/perl/lib -I C:/intelfpga/17.0/quartus/sopc_builder/bin/europa -I C:/intelfpga/17.0/quartus/sopc_builder/bin/perl_lib -I C:/intelfpga/17.0/quartus/sopc_builder/bin -I C:/intelfpga/17.0/quartus/../ip/altera/sopc_builder_ip/common -I C:/intelfpga/17.0/quartus/../ip/altera/sopc_builder_ip/altera_avalon_pio -- C:/intelfpga/17.0/quartus/../ip/altera/sopc_builder_ip/altera_avalon_pio/generate_rtl.pl --name=soc_system_switches --dir=C:/Users/somoza/AppData/Local/Temp/alt7994_2411941421650165185.dir/0008_switches_gen/ --quartus_dir=C:/intelfpga/17.0/quartus --verilog --config=C:/Users/somoza/AppData/Local/Temp/alt7994_2411941421650165185.dir/0008_switches_gen//soc_system_switches_component_configuration.pl  --do_build_sim=0  ]
Info: switches: Done RTL generation for module 'soc_system_switches'
Info: switches: "soc_system" instantiated altera_avalon_pio "switches"
Info: sysid_qsys: "soc_system" instantiated altera_avalon_sysid_qsys "sysid_qsys"
Info: avalon_st_adapter: Inserting error_adapter: error_adapter_0
Info: avalon_st_adapter_001: Inserting error_adapter: error_adapter_0
Info: avalon_st_adapter_002: Inserting error_adapter: error_adapter_0
Info: avalon_st_adapter_003: Inserting error_adapter: error_adapter_0
Info: avalon_st_adapter_004: Inserting error_adapter: error_adapter_0
Info: avalon_st_adapter_005: Inserting error_adapter: error_adapter_0
Info: mm_interconnect_0: "soc_system" instantiated altera_mm_interconnect "mm_interconnect_0"
Info: irq_mapper: "soc_system" instantiated altera_irq_mapper "irq_mapper"
Info: rst_controller: "soc_system" instantiated altera_reset_controller "rst_controller"
Info: fpga_interfaces: "hps_0" instantiated altera_interface_generator "fpga_interfaces"
Info: hps_io: "hps_0" instantiated altera_hps_io "hps_io"
Info: adc_0_adc_slave_translator: "mm_interconnect_0" instantiated altera_merlin_slave_translator "adc_0_adc_slave_translator"
Info: hps_0_h2f_lw_axi_master_agent: "mm_interconnect_0" instantiated altera_merlin_axi_master_ni "hps_0_h2f_lw_axi_master_agent"
Info: adc_0_adc_slave_agent: "mm_interconnect_0" instantiated altera_merlin_slave_agent "adc_0_adc_slave_agent"
Info: adc_0_adc_slave_agent_rsp_fifo: "mm_interconnect_0" instantiated altera_avalon_sc_fifo "adc_0_adc_slave_agent_rsp_fifo"
Info: router: "mm_interconnect_0" instantiated altera_merlin_router "router"
Info: router_002: "mm_interconnect_0" instantiated altera_merlin_router "router_002"
Info: router_003: "mm_interconnect_0" instantiated altera_merlin_router "router_003"
Info: hps_0_h2f_lw_axi_master_wr_limiter: "mm_interconnect_0" instantiated altera_merlin_traffic_limiter "hps_0_h2f_lw_axi_master_wr_limiter"
Info: Reusing file C:/Users/somoza/Projects/BCI/soc_system/synthesis/submodules/altera_avalon_sc_fifo.v
Info: adc_0_adc_slave_burst_adapter: "mm_interconnect_0" instantiated altera_merlin_burst_adapter "adc_0_adc_slave_burst_adapter"
Info: Reusing file C:/Users/somoza/Projects/BCI/soc_system/synthesis/submodules/altera_merlin_address_alignment.sv
Info: Reusing file C:/Users/somoza/Projects/BCI/soc_system/synthesis/submodules/altera_avalon_st_pipeline_base.v
Info: cmd_demux: "mm_interconnect_0" instantiated altera_merlin_demultiplexer "cmd_demux"
Info: cmd_mux: "mm_interconnect_0" instantiated altera_merlin_multiplexer "cmd_mux"
Info: rsp_demux: "mm_interconnect_0" instantiated altera_merlin_demultiplexer "rsp_demux"
Info: rsp_mux: "mm_interconnect_0" instantiated altera_merlin_multiplexer "rsp_mux"
Info: Reusing file C:/Users/somoza/Projects/BCI/soc_system/synthesis/submodules/altera_merlin_arbitrator.sv
Info: character_lcd_0_avalon_lcd_slave_rsp_width_adapter: "mm_interconnect_0" instantiated altera_merlin_width_adapter "character_lcd_0_avalon_lcd_slave_rsp_width_adapter"
Info: Reusing file C:/Users/somoza/Projects/BCI/soc_system/synthesis/submodules/altera_merlin_address_alignment.sv
Info: Reusing file C:/Users/somoza/Projects/BCI/soc_system/synthesis/submodules/altera_merlin_burst_uncompressor.sv
Info: avalon_st_adapter: "mm_interconnect_0" instantiated altera_avalon_st_adapter "avalon_st_adapter"
Info: avalon_st_adapter_001: "mm_interconnect_0" instantiated altera_avalon_st_adapter "avalon_st_adapter_001"
Info: border: "hps_io" instantiated altera_interface_generator "border"
Info: error_adapter_0: "avalon_st_adapter" instantiated error_adapter "error_adapter_0"
Info: error_adapter_0: "avalon_st_adapter_001" instantiated error_adapter "error_adapter_0"
Info: soc_system: Done "soc_system" with 32 modules, 92 files
Info: qsys-generate succeeded.
Info: Finished: Create HDL design files for synthesis
